ago 19, 2021 4:15:05 PM com.redhat.quarkus.ls.QuarkusLanguageServer initialize
INFORMA합ES: Initializing Quarkus server 0.0.4-20191120-1547 with C:\Program Files\JetBrains\IntelliJ IDEA 2020.1.1\jbr
ago 19, 2021 4:15:15 PM org.eclipse.lsp4j.jsonrpc.RemoteEndpoint fallbackResponseError
GRAVE: Internal error: java.lang.NullPointerException
java.util.concurrent.CompletionException: java.lang.NullPointerException
	at java.base/java.util.concurrent.CompletableFuture.encodeThrowable(CompletableFuture.java:314)
	at java.base/java.util.concurrent.CompletableFuture.completeThrowable(CompletableFuture.java:319)
	at java.base/java.util.concurrent.CompletableFuture$UniCompose.tryFire(CompletableFuture.java:1081)
	at java.base/java.util.concurrent.CompletableFuture$Completion.exec(CompletableFuture.java:479)
	at java.base/java.util.concurrent.ForkJoinTask.doExec(ForkJoinTask.java:290)
	at java.base/java.util.concurrent.ForkJoinPool$WorkQueue.topLevelExec(ForkJoinPool.java:1020)
	at java.base/java.util.concurrent.ForkJoinPool.scan(ForkJoinPool.java:1656)
	at java.base/java.util.concurrent.ForkJoinPool.runWorker(ForkJoinPool.java:1594)
	at java.base/java.util.concurrent.ForkJoinWorkerThread.run(ForkJoinWorkerThread.java:177)
Caused by: java.lang.NullPointerException
	at java.base/java.util.concurrent.CompletableFuture$UniCompose.tryFire(CompletableFuture.java:1072)
	... 6 more

ago 19, 2021 4:15:15 PM com.redhat.quarkus.ls.QuarkusLanguageServer initialize
INFORMA합ES: Initializing Quarkus server 0.0.4-20191120-1547 with C:\Program Files\JetBrains\IntelliJ IDEA 2020.1.1\jbr
ago 19, 2021 4:15:16 PM org.eclipse.lsp4j.jsonrpc.RemoteEndpoint fallbackResponseError
GRAVE: Internal error: java.lang.NullPointerException
java.util.concurrent.CompletionException: java.lang.NullPointerException
	at java.base/java.util.concurrent.CompletableFuture.encodeThrowable(CompletableFuture.java:314)
	at java.base/java.util.concurrent.CompletableFuture.completeThrowable(CompletableFuture.java:319)
	at java.base/java.util.concurrent.CompletableFuture$UniCompose.tryFire(CompletableFuture.java:1081)
	at java.base/java.util.concurrent.CompletableFuture$Completion.exec(CompletableFuture.java:479)
	at java.base/java.util.concurrent.ForkJoinTask.doExec(ForkJoinTask.java:290)
	at java.base/java.util.concurrent.ForkJoinPool$WorkQueue.topLevelExec(ForkJoinPool.java:1020)
	at java.base/java.util.concurrent.ForkJoinPool.scan(ForkJoinPool.java:1656)
	at java.base/java.util.concurrent.ForkJoinPool.runWorker(ForkJoinPool.java:1594)
	at java.base/java.util.concurrent.ForkJoinWorkerThread.run(ForkJoinWorkerThread.java:177)
Caused by: java.lang.NullPointerException
	at java.base/java.util.concurrent.CompletableFuture$UniCompose.tryFire(CompletableFuture.java:1072)
	... 6 more

ago 19, 2021 4:15:21 PM com.redhat.quarkus.ls.QuarkusLanguageServer initialize
INFORMA합ES: Initializing Quarkus server 0.0.4-20191120-1547 with C:\Program Files\JetBrains\IntelliJ IDEA 2020.1.1\jbr
ago 19, 2021 4:15:27 PM com.redhat.quarkus.ls.QuarkusLanguageServer initialize
INFORMA합ES: Initializing Quarkus server 0.0.4-20191120-1547 with C:\Program Files\JetBrains\IntelliJ IDEA 2020.1.1\jbr
ago 19, 2021 4:15:28 PM org.eclipse.lsp4j.jsonrpc.RemoteEndpoint fallbackResponseError
GRAVE: Internal error: java.lang.NullPointerException
java.util.concurrent.CompletionException: java.lang.NullPointerException
	at java.base/java.util.concurrent.CompletableFuture.encodeThrowable(CompletableFuture.java:314)
	at java.base/java.util.concurrent.CompletableFuture.completeThrowable(CompletableFuture.java:319)
	at java.base/java.util.concurrent.CompletableFuture$UniCompose.tryFire(CompletableFuture.java:1081)
	at java.base/java.util.concurrent.CompletableFuture$Completion.exec(CompletableFuture.java:479)
	at java.base/java.util.concurrent.ForkJoinTask.doExec(ForkJoinTask.java:290)
	at java.base/java.util.concurrent.ForkJoinPool$WorkQueue.topLevelExec(ForkJoinPool.java:1020)
	at java.base/java.util.concurrent.ForkJoinPool.scan(ForkJoinPool.java:1656)
	at java.base/java.util.concurrent.ForkJoinPool.runWorker(ForkJoinPool.java:1594)
	at java.base/java.util.concurrent.ForkJoinWorkerThread.run(ForkJoinWorkerThread.java:177)
Caused by: java.lang.NullPointerException
	at java.base/java.util.concurrent.CompletableFuture$UniCompose.tryFire(CompletableFuture.java:1072)
	... 6 more

ago 19, 2021 4:16:44 PM com.redhat.quarkus.ls.QuarkusLanguageServer initialize
INFORMA합ES: Initializing Quarkus server 0.0.4-20191120-1547 with C:\Program Files\JetBrains\IntelliJ IDEA 2020.1.1\jbr
ago 19, 2021 4:24:34 PM org.eclipse.lsp4j.jsonrpc.RemoteEndpoint fallbackResponseError
GRAVE: Internal error: java.lang.NullPointerException
java.util.concurrent.CompletionException: java.lang.NullPointerException
	at java.base/java.util.concurrent.CompletableFuture.encodeThrowable(CompletableFuture.java:314)
	at java.base/java.util.concurrent.CompletableFuture.completeThrowable(CompletableFuture.java:319)
	at java.base/java.util.concurrent.CompletableFuture$UniCompose.tryFire(CompletableFuture.java:1081)
	at java.base/java.util.concurrent.CompletableFuture$Completion.exec(CompletableFuture.java:479)
	at java.base/java.util.concurrent.ForkJoinTask.doExec(ForkJoinTask.java:290)
	at java.base/java.util.concurrent.ForkJoinPool$WorkQueue.topLevelExec(ForkJoinPool.java:1020)
	at java.base/java.util.concurrent.ForkJoinPool.scan(ForkJoinPool.java:1656)
	at java.base/java.util.concurrent.ForkJoinPool.runWorker(ForkJoinPool.java:1594)
	at java.base/java.util.concurrent.ForkJoinWorkerThread.run(ForkJoinWorkerThread.java:177)
Caused by: java.lang.NullPointerException
	at java.base/java.util.concurrent.CompletableFuture$UniCompose.tryFire(CompletableFuture.java:1072)
	... 6 more

ago 19, 2021 4:24:35 PM com.redhat.quarkus.ls.QuarkusLanguageServer initialize
INFORMA합ES: Initializing Quarkus server 0.0.4-20191120-1547 with C:\Program Files\JetBrains\IntelliJ IDEA 2020.1.1\jbr
ago 19, 2021 7:18:29 PM com.redhat.quarkus.ls.QuarkusLanguageServer initialize
INFORMA합ES: Initializing Quarkus server 0.0.4-20191120-1547 with C:\Program Files\JetBrains\IntelliJ IDEA 2020.1.1\jbr
ago 19, 2021 7:18:30 PM org.eclipse.lsp4j.jsonrpc.RemoteEndpoint fallbackResponseError
GRAVE: Internal error: java.lang.NullPointerException
java.util.concurrent.CompletionException: java.lang.NullPointerException
	at java.base/java.util.concurrent.CompletableFuture.encodeThrowable(CompletableFuture.java:314)
	at java.base/java.util.concurrent.CompletableFuture.completeThrowable(CompletableFuture.java:319)
	at java.base/java.util.concurrent.CompletableFuture$UniCompose.tryFire(CompletableFuture.java:1081)
	at java.base/java.util.concurrent.CompletableFuture$Completion.exec(CompletableFuture.java:479)
	at java.base/java.util.concurrent.ForkJoinTask.doExec(ForkJoinTask.java:290)
	at java.base/java.util.concurrent.ForkJoinPool$WorkQueue.topLevelExec(ForkJoinPool.java:1020)
	at java.base/java.util.concurrent.ForkJoinPool.scan(ForkJoinPool.java:1656)
	at java.base/java.util.concurrent.ForkJoinPool.runWorker(ForkJoinPool.java:1594)
	at java.base/java.util.concurrent.ForkJoinWorkerThread.run(ForkJoinWorkerThread.java:177)
Caused by: java.lang.NullPointerException
	at java.base/java.util.concurrent.CompletableFuture$UniCompose.tryFire(CompletableFuture.java:1072)
	... 6 more

ago 19, 2021 7:32:20 PM com.redhat.quarkus.ls.QuarkusLanguageServer initialize
INFORMA합ES: Initializing Quarkus server 0.0.4-20191120-1547 with C:\Program Files\JetBrains\IntelliJ IDEA 2020.1.1\jbr
ago 19, 2021 7:32:22 PM org.eclipse.lsp4j.jsonrpc.RemoteEndpoint fallbackResponseError
GRAVE: Internal error: java.lang.NullPointerException
java.util.concurrent.CompletionException: java.lang.NullPointerException
	at java.base/java.util.concurrent.CompletableFuture.encodeThrowable(CompletableFuture.java:314)
	at java.base/java.util.concurrent.CompletableFuture.completeThrowable(CompletableFuture.java:319)
	at java.base/java.util.concurrent.CompletableFuture$UniCompose.tryFire(CompletableFuture.java:1081)
	at java.base/java.util.concurrent.CompletableFuture$Completion.exec(CompletableFuture.java:479)
	at java.base/java.util.concurrent.ForkJoinTask.doExec(ForkJoinTask.java:290)
	at java.base/java.util.concurrent.ForkJoinPool$WorkQueue.topLevelExec(ForkJoinPool.java:1020)
	at java.base/java.util.concurrent.ForkJoinPool.scan(ForkJoinPool.java:1656)
	at java.base/java.util.concurrent.ForkJoinPool.runWorker(ForkJoinPool.java:1594)
	at java.base/java.util.concurrent.ForkJoinWorkerThread.run(ForkJoinWorkerThread.java:177)
Caused by: java.lang.NullPointerException
	at java.base/java.util.concurrent.CompletableFuture$UniCompose.tryFire(CompletableFuture.java:1072)
	... 6 more

